<?xml version="1.0" encoding="UTF-8"?>
<!-- Generated by org.testng.reporters.JUnitReportReporter -->
<testsuite hostname="LAPTOP-DV541TO5" failures="0" tests="1" name="MavenExample.CreateUserTest" time="0.016" errors="0" timestamp="09 May 2022 10:06:01 GMT" skipped="0">
  <testcase classname="MavenExample.CreateUserTest" name="createusertest" time="0.016"/>
</testsuite> <!-- MavenExample.CreateUserTest -->
