<?xml version="1.0" encoding="UTF-8"?>
<!-- Generated by org.testng.reporters.JUnitReportReporter -->
<testsuite hostname="LAPTOP-DV541TO5" failures="0" tests="1" name="MavenExample.ReadingDataFromCommandLineTest" time="0.014" errors="0" timestamp="09 May 2022 11:46:48 GMT" skipped="0">
  <testcase classname="MavenExample.ReadingDataFromCommandLineTest" name="readingdatafromcommandline" time="0.014"/>
</testsuite> <!-- MavenExample.ReadingDataFromCommandLineTest -->
